[debug] [2024-03-19T07:35:57.528Z] ----------------------------------------------------------------------
[debug] [2024-03-19T07:35:57.530Z] Command:       C:\Program Files\nodejs\node.exe C:\Users\song1992\AppData\Roaming\npm\node_modules\firebase-tools\lib\bin\firebase.js deploy
[debug] [2024-03-19T07:35:57.530Z] CLI Version:   13.5.0
[debug] [2024-03-19T07:35:57.530Z] Platform:      win32
[debug] [2024-03-19T07:35:57.530Z] Node Version:  v20.11.1
[debug] [2024-03-19T07:35:57.531Z] Time:          Tue Mar 19 2024 16:35:57 GMT+0900 (대한민국 표준시)
[debug] [2024-03-19T07:35:57.531Z] ----------------------------------------------------------------------
[debug] 
[debug] [2024-03-19T07:35:57.535Z] >>> [apiv2][query] GET https://firebase-public.firebaseio.com/cli.json [none]
[debug] [2024-03-19T07:35:57.601Z] > command requires scopes: ["email","openid","https://www.googleapis.com/auth/cloudplatformprojects.readonly","https://www.googleapis.com/auth/firebase","https://www.googleapis.com/auth/cloud-platform"]
[debug] [2024-03-19T07:35:57.601Z] > authorizing via signed-in user (ttw147@gmail.com)
[debug] [2024-03-19T07:35:57.601Z] [iam] checking project todo-list-app-ec64b for permissions ["firebase.projects.get","firebasehosting.sites.update"]
[debug] [2024-03-19T07:35:57.602Z] > refreshing access token with scopes: []
[debug] [2024-03-19T07:35:57.602Z] >>> [apiv2][query] POST https://www.googleapis.com/oauth2/v3/token [none]
[debug] [2024-03-19T07:35:57.602Z] >>> [apiv2][body] POST https://www.googleapis.com/oauth2/v3/token [omitted]
[debug] [2024-03-19T07:35:57.827Z] <<< [apiv2][status] POST https://www.googleapis.com/oauth2/v3/token 200
[debug] [2024-03-19T07:35:57.827Z] <<< [apiv2][body] POST https://www.googleapis.com/oauth2/v3/token [omitted]
[debug] [2024-03-19T07:35:57.845Z] >>> [apiv2][query] POST https://cloudresourcemanager.googleapis.com/v1/projects/todo-list-app-ec64b:testIamPermissions [none]
[debug] [2024-03-19T07:35:57.845Z] >>> [apiv2][(partial)header] POST https://cloudresourcemanager.googleapis.com/v1/projects/todo-list-app-ec64b:testIamPermissions x-goog-quota-user=projects/todo-list-app-ec64b
[debug] [2024-03-19T07:35:57.846Z] >>> [apiv2][body] POST https://cloudresourcemanager.googleapis.com/v1/projects/todo-list-app-ec64b:testIamPermissions {"permissions":["firebase.projects.get","firebasehosting.sites.update"]}
[debug] [2024-03-19T07:35:58.023Z] <<< [apiv2][status] GET https://firebase-public.firebaseio.com/cli.json 200
[debug] [2024-03-19T07:35:58.023Z] <<< [apiv2][body] GET https://firebase-public.firebaseio.com/cli.json {"cloudBuildErrorAfter":1594252800000,"cloudBuildWarnAfter":1590019200000,"defaultNode10After":1594252800000,"minVersion":"3.0.5","node8DeploysDisabledAfter":1613390400000,"node8RuntimeDisabledAfter":1615809600000,"node8WarnAfter":1600128000000}
[debug] [2024-03-19T07:35:58.647Z] <<< [apiv2][status] POST https://cloudresourcemanager.googleapis.com/v1/projects/todo-list-app-ec64b:testIamPermissions 200
[debug] [2024-03-19T07:35:58.647Z] <<< [apiv2][body] POST https://cloudresourcemanager.googleapis.com/v1/projects/todo-list-app-ec64b:testIamPermissions {"permissions":["firebase.projects.get","firebasehosting.sites.update"]}
[debug] [2024-03-19T07:35:58.647Z] >>> [apiv2][query] GET https://firebase.googleapis.com/v1beta1/projects/todo-list-app-ec64b [none]
[debug] [2024-03-19T07:35:59.049Z] <<< [apiv2][status] GET https://firebase.googleapis.com/v1beta1/projects/todo-list-app-ec64b 200
[debug] [2024-03-19T07:35:59.050Z] <<< [apiv2][body] GET https://firebase.googleapis.com/v1beta1/projects/todo-list-app-ec64b {"projectId":"todo-list-app-ec64b","projectNumber":"382951506379","displayName":"todo-list-app","name":"projects/todo-list-app-ec64b","resources":{"hostingSite":"todo-list-app-ec64b"},"state":"ACTIVE","etag":"1_201e9f18-2b75-4961-9ef2-c6a6e5e17553"}
[info] 
[info] === Deploying to 'todo-list-app-ec64b'...
[info] 
[info] i  deploying hosting 
[debug] [2024-03-19T07:35:59.053Z] >>> [apiv2][query] POST https://firebasehosting.googleapis.com/v1beta1/projects/-/sites/todo-list-app-ec64b/versions [none]
[debug] [2024-03-19T07:35:59.053Z] >>> [apiv2][body] POST https://firebasehosting.googleapis.com/v1beta1/projects/-/sites/todo-list-app-ec64b/versions {"status":"CREATED","labels":{"deployment-tool":"cli-firebase"}}
[debug] [2024-03-19T07:36:00.054Z] <<< [apiv2][status] POST https://firebasehosting.googleapis.com/v1beta1/projects/-/sites/todo-list-app-ec64b/versions 200
[debug] [2024-03-19T07:36:00.054Z] <<< [apiv2][body] POST https://firebasehosting.googleapis.com/v1beta1/projects/-/sites/todo-list-app-ec64b/versions {"name":"projects/382951506379/sites/todo-list-app-ec64b/versions/89b75cc394552026","status":"CREATED","config":{},"labels":{"deployment-tool":"cli-firebase"}}
[info] i  hosting[todo-list-app-ec64b]: beginning deploy... 
[info] i  hosting[todo-list-app-ec64b]: found 14 files in build 
[debug] [2024-03-19T07:36:20.133Z] [hosting] uploading with 200 concurrency
[debug] [2024-03-19T07:36:20.379Z] [hosting] hash cache [YnVpbGQ] stored for 14 files
[debug] [2024-03-19T07:36:20.379Z] [hosting][hash queue][FINAL] {"max":237,"min":10,"avg":29.642857142857142,"active":0,"complete":14,"success":14,"errored":0,"retried":0,"total":14,"elapsed":243}
[debug] [2024-03-19T07:36:20.380Z] >>> [apiv2][query] POST https://firebasehosting.googleapis.com/v1beta1/projects/382951506379/sites/todo-list-app-ec64b/versions/89b75cc394552026:populateFiles [none]
[debug] [2024-03-19T07:36:20.380Z] >>> [apiv2][body] POST https://firebasehosting.googleapis.com/v1beta1/projects/382951506379/sites/todo-list-app-ec64b/versions/89b75cc394552026:populateFiles {"files":{"/asset-manifest.json":"ec16bfe1e4d9ee9b43af9b55953feb2b19b25beaf85907b3b38a6c7ea72944e1","/manifest.json":"ee04fb47e525c67d8424ffe9b4d8a8a24e434504478afca4e0ca602146836d4c","/favicon.ico":"27edce7be5922cf0bef7d4136f69b5bfbdd5bf8c13c7b026f71187d41a00aa7d","/robots.txt":"bfe106a3fb878dc83461c86818bf74fc1bdc7f28538ba613cd3e775516ce8b49","/static/css/main.f855e6bc.css":"e0b62f2a73f324feb61f9ce0da624ed3f57a7a8bf0a7c54521f99493a7f1da41","/static/css/main.f855e6bc.css.map":"9e8aadc8f69c2a8943813dee9f3d5ba2edaf1e8103853219a06d1cba5389ddbc","/static/js/453.fb812ba5.chunk.js":"94bbc74606b13bdaa1e98611826d74e46562098fcda52485bde71dc1b1375301","/logo192.png":"79e2b749561016bc8af300ea19f48347ceed3cb1a54f48ae456172eca45e08f0","/static/js/main.039b1c4d.js.LICENSE.txt":"dea610bbcbc4c52041cff3ccada09de7f425a946dbf33c44626c0c7968082e75","/static/js/453.fb812ba5.chunk.js.map":"592a0300cb45da6e994f32e15d9169d984bfa734d38ea74783bdb14ae419560a","/logo512.png":"212b102aa09e51b3b3e06647e81f7801a61333e171f6582e8124379aabccb41d","/index.html":"7730ec8adef0ea3a40d5ad00ba8bd8f2d9b20f7415468ed38ca4e150bd1da023","/static/js/main.039b1c4d.js":"9a9c44da3d4a7ce7a40c3b99a70ccf5f1a9847f53991d24fdf620530ca754ce0","/static/js/main.039b1c4d.js.map":"d7f453e6c7adf39887af2799b77a0ecedd48a9a63d7bf121033c0afef3449336"}}
[debug] [2024-03-19T07:36:21.102Z] <<< [apiv2][status] POST https://firebasehosting.googleapis.com/v1beta1/projects/382951506379/sites/todo-list-app-ec64b/versions/89b75cc394552026:populateFiles 200
[debug] [2024-03-19T07:36:21.102Z] <<< [apiv2][body] POST https://firebasehosting.googleapis.com/v1beta1/projects/382951506379/sites/todo-list-app-ec64b/versions/89b75cc394552026:populateFiles {"uploadRequiredHashes":["212b102aa09e51b3b3e06647e81f7801a61333e171f6582e8124379aabccb41d","dea610bbcbc4c52041cff3ccada09de7f425a946dbf33c44626c0c7968082e75","bfe106a3fb878dc83461c86818bf74fc1bdc7f28538ba613cd3e775516ce8b49","d7f453e6c7adf39887af2799b77a0ecedd48a9a63d7bf121033c0afef3449336","592a0300cb45da6e994f32e15d9169d984bfa734d38ea74783bdb14ae419560a","ee04fb47e525c67d8424ffe9b4d8a8a24e434504478afca4e0ca602146836d4c","9a9c44da3d4a7ce7a40c3b99a70ccf5f1a9847f53991d24fdf620530ca754ce0","27edce7be5922cf0bef7d4136f69b5bfbdd5bf8c13c7b026f71187d41a00aa7d","9e8aadc8f69c2a8943813dee9f3d5ba2edaf1e8103853219a06d1cba5389ddbc","e0b62f2a73f324feb61f9ce0da624ed3f57a7a8bf0a7c54521f99493a7f1da41","79e2b749561016bc8af300ea19f48347ceed3cb1a54f48ae456172eca45e08f0","7730ec8adef0ea3a40d5ad00ba8bd8f2d9b20f7415468ed38ca4e150bd1da023","ec16bfe1e4d9ee9b43af9b55953feb2b19b25beaf85907b3b38a6c7ea72944e1","94bbc74606b13bdaa1e98611826d74e46562098fcda52485bde71dc1b1375301"],"uploadUrl":"https://upload-firebasehosting.googleapis.com/upload/sites/todo-list-app-ec64b/versions/89b75cc394552026/files"}
[debug] [2024-03-19T07:36:21.105Z] >>> [apiv2][query] POST https://upload-firebasehosting.googleapis.com/upload/sites/todo-list-app-ec64b/versions/89b75cc394552026/files/212b102aa09e51b3b3e06647e81f7801a61333e171f6582e8124379aabccb41d [none]
[debug] [2024-03-19T07:36:21.105Z] >>> [apiv2][body] POST https://upload-firebasehosting.googleapis.com/upload/sites/todo-list-app-ec64b/versions/89b75cc394552026/files/212b102aa09e51b3b3e06647e81f7801a61333e171f6582e8124379aabccb41d [stream]
[debug] [2024-03-19T07:36:21.106Z] >>> [apiv2][query] POST https://upload-firebasehosting.googleapis.com/upload/sites/todo-list-app-ec64b/versions/89b75cc394552026/files/dea610bbcbc4c52041cff3ccada09de7f425a946dbf33c44626c0c7968082e75 [none]
[debug] [2024-03-19T07:36:21.107Z] >>> [apiv2][body] POST https://upload-firebasehosting.googleapis.com/upload/sites/todo-list-app-ec64b/versions/89b75cc394552026/files/dea610bbcbc4c52041cff3ccada09de7f425a946dbf33c44626c0c7968082e75 [stream]
[debug] [2024-03-19T07:36:21.108Z] >>> [apiv2][query] POST https://upload-firebasehosting.googleapis.com/upload/sites/todo-list-app-ec64b/versions/89b75cc394552026/files/bfe106a3fb878dc83461c86818bf74fc1bdc7f28538ba613cd3e775516ce8b49 [none]
[debug] [2024-03-19T07:36:21.109Z] >>> [apiv2][body] POST https://upload-firebasehosting.googleapis.com/upload/sites/todo-list-app-ec64b/versions/89b75cc394552026/files/bfe106a3fb878dc83461c86818bf74fc1bdc7f28538ba613cd3e775516ce8b49 [stream]
[debug] [2024-03-19T07:36:21.110Z] >>> [apiv2][query] POST https://upload-firebasehosting.googleapis.com/upload/sites/todo-list-app-ec64b/versions/89b75cc394552026/files/d7f453e6c7adf39887af2799b77a0ecedd48a9a63d7bf121033c0afef3449336 [none]
[debug] [2024-03-19T07:36:21.110Z] >>> [apiv2][body] POST https://upload-firebasehosting.googleapis.com/upload/sites/todo-list-app-ec64b/versions/89b75cc394552026/files/d7f453e6c7adf39887af2799b77a0ecedd48a9a63d7bf121033c0afef3449336 [stream]
[debug] [2024-03-19T07:36:21.111Z] >>> [apiv2][query] POST https://upload-firebasehosting.googleapis.com/upload/sites/todo-list-app-ec64b/versions/89b75cc394552026/files/592a0300cb45da6e994f32e15d9169d984bfa734d38ea74783bdb14ae419560a [none]
[debug] [2024-03-19T07:36:21.111Z] >>> [apiv2][body] POST https://upload-firebasehosting.googleapis.com/upload/sites/todo-list-app-ec64b/versions/89b75cc394552026/files/592a0300cb45da6e994f32e15d9169d984bfa734d38ea74783bdb14ae419560a [stream]
[debug] [2024-03-19T07:36:21.112Z] >>> [apiv2][query] POST https://upload-firebasehosting.googleapis.com/upload/sites/todo-list-app-ec64b/versions/89b75cc394552026/files/ee04fb47e525c67d8424ffe9b4d8a8a24e434504478afca4e0ca602146836d4c [none]
[debug] [2024-03-19T07:36:21.112Z] >>> [apiv2][body] POST https://upload-firebasehosting.googleapis.com/upload/sites/todo-list-app-ec64b/versions/89b75cc394552026/files/ee04fb47e525c67d8424ffe9b4d8a8a24e434504478afca4e0ca602146836d4c [stream]
[debug] [2024-03-19T07:36:21.113Z] >>> [apiv2][query] POST https://upload-firebasehosting.googleapis.com/upload/sites/todo-list-app-ec64b/versions/89b75cc394552026/files/9a9c44da3d4a7ce7a40c3b99a70ccf5f1a9847f53991d24fdf620530ca754ce0 [none]
[debug] [2024-03-19T07:36:21.113Z] >>> [apiv2][body] POST https://upload-firebasehosting.googleapis.com/upload/sites/todo-list-app-ec64b/versions/89b75cc394552026/files/9a9c44da3d4a7ce7a40c3b99a70ccf5f1a9847f53991d24fdf620530ca754ce0 [stream]
[debug] [2024-03-19T07:36:21.114Z] >>> [apiv2][query] POST https://upload-firebasehosting.googleapis.com/upload/sites/todo-list-app-ec64b/versions/89b75cc394552026/files/27edce7be5922cf0bef7d4136f69b5bfbdd5bf8c13c7b026f71187d41a00aa7d [none]
[debug] [2024-03-19T07:36:21.114Z] >>> [apiv2][body] POST https://upload-firebasehosting.googleapis.com/upload/sites/todo-list-app-ec64b/versions/89b75cc394552026/files/27edce7be5922cf0bef7d4136f69b5bfbdd5bf8c13c7b026f71187d41a00aa7d [stream]
[debug] [2024-03-19T07:36:21.116Z] >>> [apiv2][query] POST https://upload-firebasehosting.googleapis.com/upload/sites/todo-list-app-ec64b/versions/89b75cc394552026/files/9e8aadc8f69c2a8943813dee9f3d5ba2edaf1e8103853219a06d1cba5389ddbc [none]
[debug] [2024-03-19T07:36:21.116Z] >>> [apiv2][body] POST https://upload-firebasehosting.googleapis.com/upload/sites/todo-list-app-ec64b/versions/89b75cc394552026/files/9e8aadc8f69c2a8943813dee9f3d5ba2edaf1e8103853219a06d1cba5389ddbc [stream]
[debug] [2024-03-19T07:36:21.116Z] >>> [apiv2][query] POST https://upload-firebasehosting.googleapis.com/upload/sites/todo-list-app-ec64b/versions/89b75cc394552026/files/e0b62f2a73f324feb61f9ce0da624ed3f57a7a8bf0a7c54521f99493a7f1da41 [none]
[debug] [2024-03-19T07:36:21.117Z] >>> [apiv2][body] POST https://upload-firebasehosting.googleapis.com/upload/sites/todo-list-app-ec64b/versions/89b75cc394552026/files/e0b62f2a73f324feb61f9ce0da624ed3f57a7a8bf0a7c54521f99493a7f1da41 [stream]
[debug] [2024-03-19T07:36:21.117Z] >>> [apiv2][query] POST https://upload-firebasehosting.googleapis.com/upload/sites/todo-list-app-ec64b/versions/89b75cc394552026/files/79e2b749561016bc8af300ea19f48347ceed3cb1a54f48ae456172eca45e08f0 [none]
[debug] [2024-03-19T07:36:21.118Z] >>> [apiv2][body] POST https://upload-firebasehosting.googleapis.com/upload/sites/todo-list-app-ec64b/versions/89b75cc394552026/files/79e2b749561016bc8af300ea19f48347ceed3cb1a54f48ae456172eca45e08f0 [stream]
[debug] [2024-03-19T07:36:21.118Z] >>> [apiv2][query] POST https://upload-firebasehosting.googleapis.com/upload/sites/todo-list-app-ec64b/versions/89b75cc394552026/files/7730ec8adef0ea3a40d5ad00ba8bd8f2d9b20f7415468ed38ca4e150bd1da023 [none]
[debug] [2024-03-19T07:36:21.119Z] >>> [apiv2][body] POST https://upload-firebasehosting.googleapis.com/upload/sites/todo-list-app-ec64b/versions/89b75cc394552026/files/7730ec8adef0ea3a40d5ad00ba8bd8f2d9b20f7415468ed38ca4e150bd1da023 [stream]
[debug] [2024-03-19T07:36:21.119Z] >>> [apiv2][query] POST https://upload-firebasehosting.googleapis.com/upload/sites/todo-list-app-ec64b/versions/89b75cc394552026/files/ec16bfe1e4d9ee9b43af9b55953feb2b19b25beaf85907b3b38a6c7ea72944e1 [none]
[debug] [2024-03-19T07:36:21.119Z] >>> [apiv2][body] POST https://upload-firebasehosting.googleapis.com/upload/sites/todo-list-app-ec64b/versions/89b75cc394552026/files/ec16bfe1e4d9ee9b43af9b55953feb2b19b25beaf85907b3b38a6c7ea72944e1 [stream]
[debug] [2024-03-19T07:36:21.120Z] >>> [apiv2][query] POST https://upload-firebasehosting.googleapis.com/upload/sites/todo-list-app-ec64b/versions/89b75cc394552026/files/94bbc74606b13bdaa1e98611826d74e46562098fcda52485bde71dc1b1375301 [none]
[debug] [2024-03-19T07:36:21.120Z] >>> [apiv2][body] POST https://upload-firebasehosting.googleapis.com/upload/sites/todo-list-app-ec64b/versions/89b75cc394552026/files/94bbc74606b13bdaa1e98611826d74e46562098fcda52485bde71dc1b1375301 [stream]
[debug] [2024-03-19T07:36:21.121Z] [hosting][populate queue][FINAL] {"max":727,"min":727,"avg":727,"active":0,"complete":1,"success":1,"errored":0,"retried":0,"total":1,"elapsed":743}
[debug] [2024-03-19T07:36:21.121Z] [hosting] uploads queued: 14
[debug] [2024-03-19T07:36:22.130Z] <<< [apiv2][status] POST https://upload-firebasehosting.googleapis.com/upload/sites/todo-list-app-ec64b/versions/89b75cc394552026/files/27edce7be5922cf0bef7d4136f69b5bfbdd5bf8c13c7b026f71187d41a00aa7d 200
[debug] [2024-03-19T07:36:22.130Z] <<< [apiv2][body] POST https://upload-firebasehosting.googleapis.com/upload/sites/todo-list-app-ec64b/versions/89b75cc394552026/files/27edce7be5922cf0bef7d4136f69b5bfbdd5bf8c13c7b026f71187d41a00aa7d [stream]
[debug] [2024-03-19T07:36:22.132Z] <<< [apiv2][status] POST https://upload-firebasehosting.googleapis.com/upload/sites/todo-list-app-ec64b/versions/89b75cc394552026/files/212b102aa09e51b3b3e06647e81f7801a61333e171f6582e8124379aabccb41d 200
[debug] [2024-03-19T07:36:22.132Z] <<< [apiv2][body] POST https://upload-firebasehosting.googleapis.com/upload/sites/todo-list-app-ec64b/versions/89b75cc394552026/files/212b102aa09e51b3b3e06647e81f7801a61333e171f6582e8124379aabccb41d [stream]
[debug] [2024-03-19T07:36:22.135Z] <<< [apiv2][status] POST https://upload-firebasehosting.googleapis.com/upload/sites/todo-list-app-ec64b/versions/89b75cc394552026/files/592a0300cb45da6e994f32e15d9169d984bfa734d38ea74783bdb14ae419560a 200
[debug] [2024-03-19T07:36:22.135Z] <<< [apiv2][body] POST https://upload-firebasehosting.googleapis.com/upload/sites/todo-list-app-ec64b/versions/89b75cc394552026/files/592a0300cb45da6e994f32e15d9169d984bfa734d38ea74783bdb14ae419560a [stream]
[debug] [2024-03-19T07:36:22.138Z] <<< [apiv2][status] POST https://upload-firebasehosting.googleapis.com/upload/sites/todo-list-app-ec64b/versions/89b75cc394552026/files/94bbc74606b13bdaa1e98611826d74e46562098fcda52485bde71dc1b1375301 200
[debug] [2024-03-19T07:36:22.138Z] <<< [apiv2][body] POST https://upload-firebasehosting.googleapis.com/upload/sites/todo-list-app-ec64b/versions/89b75cc394552026/files/94bbc74606b13bdaa1e98611826d74e46562098fcda52485bde71dc1b1375301 [stream]
[debug] [2024-03-19T07:36:22.143Z] <<< [apiv2][status] POST https://upload-firebasehosting.googleapis.com/upload/sites/todo-list-app-ec64b/versions/89b75cc394552026/files/bfe106a3fb878dc83461c86818bf74fc1bdc7f28538ba613cd3e775516ce8b49 200
[debug] [2024-03-19T07:36:22.143Z] <<< [apiv2][body] POST https://upload-firebasehosting.googleapis.com/upload/sites/todo-list-app-ec64b/versions/89b75cc394552026/files/bfe106a3fb878dc83461c86818bf74fc1bdc7f28538ba613cd3e775516ce8b49 [stream]
[debug] [2024-03-19T07:36:22.143Z] <<< [apiv2][status] POST https://upload-firebasehosting.googleapis.com/upload/sites/todo-list-app-ec64b/versions/89b75cc394552026/files/79e2b749561016bc8af300ea19f48347ceed3cb1a54f48ae456172eca45e08f0 200
[debug] [2024-03-19T07:36:22.144Z] <<< [apiv2][body] POST https://upload-firebasehosting.googleapis.com/upload/sites/todo-list-app-ec64b/versions/89b75cc394552026/files/79e2b749561016bc8af300ea19f48347ceed3cb1a54f48ae456172eca45e08f0 [stream]
[debug] [2024-03-19T07:36:22.144Z] <<< [apiv2][status] POST https://upload-firebasehosting.googleapis.com/upload/sites/todo-list-app-ec64b/versions/89b75cc394552026/files/e0b62f2a73f324feb61f9ce0da624ed3f57a7a8bf0a7c54521f99493a7f1da41 200
[debug] [2024-03-19T07:36:22.144Z] <<< [apiv2][body] POST https://upload-firebasehosting.googleapis.com/upload/sites/todo-list-app-ec64b/versions/89b75cc394552026/files/e0b62f2a73f324feb61f9ce0da624ed3f57a7a8bf0a7c54521f99493a7f1da41 [stream]
[debug] [2024-03-19T07:36:22.210Z] <<< [apiv2][status] POST https://upload-firebasehosting.googleapis.com/upload/sites/todo-list-app-ec64b/versions/89b75cc394552026/files/ee04fb47e525c67d8424ffe9b4d8a8a24e434504478afca4e0ca602146836d4c 200
[debug] [2024-03-19T07:36:22.210Z] <<< [apiv2][body] POST https://upload-firebasehosting.googleapis.com/upload/sites/todo-list-app-ec64b/versions/89b75cc394552026/files/ee04fb47e525c67d8424ffe9b4d8a8a24e434504478afca4e0ca602146836d4c [stream]
[debug] [2024-03-19T07:36:22.218Z] <<< [apiv2][status] POST https://upload-firebasehosting.googleapis.com/upload/sites/todo-list-app-ec64b/versions/89b75cc394552026/files/dea610bbcbc4c52041cff3ccada09de7f425a946dbf33c44626c0c7968082e75 200
[debug] [2024-03-19T07:36:22.218Z] <<< [apiv2][body] POST https://upload-firebasehosting.googleapis.com/upload/sites/todo-list-app-ec64b/versions/89b75cc394552026/files/dea610bbcbc4c52041cff3ccada09de7f425a946dbf33c44626c0c7968082e75 [stream]
[debug] [2024-03-19T07:36:22.220Z] <<< [apiv2][status] POST https://upload-firebasehosting.googleapis.com/upload/sites/todo-list-app-ec64b/versions/89b75cc394552026/files/9e8aadc8f69c2a8943813dee9f3d5ba2edaf1e8103853219a06d1cba5389ddbc 200
[debug] [2024-03-19T07:36:22.220Z] <<< [apiv2][body] POST https://upload-firebasehosting.googleapis.com/upload/sites/todo-list-app-ec64b/versions/89b75cc394552026/files/9e8aadc8f69c2a8943813dee9f3d5ba2edaf1e8103853219a06d1cba5389ddbc [stream]
[debug] [2024-03-19T07:36:22.443Z] <<< [apiv2][status] POST https://upload-firebasehosting.googleapis.com/upload/sites/todo-list-app-ec64b/versions/89b75cc394552026/files/7730ec8adef0ea3a40d5ad00ba8bd8f2d9b20f7415468ed38ca4e150bd1da023 200
[debug] [2024-03-19T07:36:22.443Z] <<< [apiv2][body] POST https://upload-firebasehosting.googleapis.com/upload/sites/todo-list-app-ec64b/versions/89b75cc394552026/files/7730ec8adef0ea3a40d5ad00ba8bd8f2d9b20f7415468ed38ca4e150bd1da023 [stream]
[debug] [2024-03-19T07:36:22.490Z] <<< [apiv2][status] POST https://upload-firebasehosting.googleapis.com/upload/sites/todo-list-app-ec64b/versions/89b75cc394552026/files/d7f453e6c7adf39887af2799b77a0ecedd48a9a63d7bf121033c0afef3449336 200
[debug] [2024-03-19T07:36:22.490Z] <<< [apiv2][body] POST https://upload-firebasehosting.googleapis.com/upload/sites/todo-list-app-ec64b/versions/89b75cc394552026/files/d7f453e6c7adf39887af2799b77a0ecedd48a9a63d7bf121033c0afef3449336 [stream]
[debug] [2024-03-19T07:36:22.572Z] <<< [apiv2][status] POST https://upload-firebasehosting.googleapis.com/upload/sites/todo-list-app-ec64b/versions/89b75cc394552026/files/9a9c44da3d4a7ce7a40c3b99a70ccf5f1a9847f53991d24fdf620530ca754ce0 200
[debug] [2024-03-19T07:36:22.572Z] <<< [apiv2][body] POST https://upload-firebasehosting.googleapis.com/upload/sites/todo-list-app-ec64b/versions/89b75cc394552026/files/9a9c44da3d4a7ce7a40c3b99a70ccf5f1a9847f53991d24fdf620530ca754ce0 [stream]
[debug] [2024-03-19T07:36:22.725Z] <<< [apiv2][status] POST https://upload-firebasehosting.googleapis.com/upload/sites/todo-list-app-ec64b/versions/89b75cc394552026/files/ec16bfe1e4d9ee9b43af9b55953feb2b19b25beaf85907b3b38a6c7ea72944e1 200
[debug] [2024-03-19T07:36:22.725Z] <<< [apiv2][body] POST https://upload-firebasehosting.googleapis.com/upload/sites/todo-list-app-ec64b/versions/89b75cc394552026/files/ec16bfe1e4d9ee9b43af9b55953feb2b19b25beaf85907b3b38a6c7ea72944e1 [stream]
[debug] [2024-03-19T07:36:22.725Z] [hosting][upload queue][FINAL] {"max":1620,"min":1026,"avg":1171,"active":0,"complete":14,"success":14,"errored":0,"retried":0,"total":14,"elapsed":1623}
[info] +  hosting[todo-list-app-ec64b]: file upload complete 
[debug] [2024-03-19T07:36:22.726Z] [hosting] deploy completed after 2606ms
[debug] [2024-03-19T07:36:22.726Z] [
  {
    "config": {
      "public": "build",
      "ignore": [
        "firebase.json",
        "**/.*",
        "**/node_modules/**"
      ],
      "rewrites": [
        {
          "source": "**",
          "destination": "/index.html"
        }
      ],
      "site": "todo-list-app-ec64b"
    },
    "version": "projects/382951506379/sites/todo-list-app-ec64b/versions/89b75cc394552026"
  }
]
[info] i  hosting[todo-list-app-ec64b]: finalizing version... 
[debug] [2024-03-19T07:36:22.728Z] >>> [apiv2][query] PATCH https://firebasehosting.googleapis.com/v1beta1/projects/-/sites/todo-list-app-ec64b/versions/89b75cc394552026 updateMask=status%2Cconfig
[debug] [2024-03-19T07:36:22.728Z] >>> [apiv2][body] PATCH https://firebasehosting.googleapis.com/v1beta1/projects/-/sites/todo-list-app-ec64b/versions/89b75cc394552026 {"status":"FINALIZED","config":{"rewrites":[{"glob":"**","path":"/index.html"}]}}
[debug] [2024-03-19T07:36:23.188Z] <<< [apiv2][status] PATCH https://firebasehosting.googleapis.com/v1beta1/projects/-/sites/todo-list-app-ec64b/versions/89b75cc394552026 200
[debug] [2024-03-19T07:36:23.188Z] <<< [apiv2][body] PATCH https://firebasehosting.googleapis.com/v1beta1/projects/-/sites/todo-list-app-ec64b/versions/89b75cc394552026 {"name":"projects/382951506379/sites/todo-list-app-ec64b/versions/89b75cc394552026","status":"FINALIZED","config":{"rewrites":[{"glob":"**","path":"/index.html"}]},"labels":{"deployment-tool":"cli-firebase"},"createTime":"2024-03-19T07:35:59.931730Z","createUser":{"email":"ttw147@gmail.com"},"finalizeTime":"2024-03-19T07:36:23.377339Z","finalizeUser":{"email":"ttw147@gmail.com"}}
[debug] [2024-03-19T07:36:23.188Z] [hosting] finalized version for todo-list-app-ec64b:[object Object]
[info] +  hosting[todo-list-app-ec64b]: version finalized 
[info] i  hosting[todo-list-app-ec64b]: releasing new version... 
[debug] [2024-03-19T07:36:23.189Z] >>> [apiv2][query] POST https://firebasehosting.googleapis.com/v1beta1/projects/-/sites/todo-list-app-ec64b/channels/live/releases versionName=projects%2F382951506379%2Fsites%2Ftodo-list-app-ec64b%2Fversions%2F89b75cc394552026
[debug] [2024-03-19T07:36:23.190Z] >>> [apiv2][body] POST https://firebasehosting.googleapis.com/v1beta1/projects/-/sites/todo-list-app-ec64b/channels/live/releases {}
[debug] [2024-03-19T07:36:23.648Z] <<< [apiv2][status] POST https://firebasehosting.googleapis.com/v1beta1/projects/-/sites/todo-list-app-ec64b/channels/live/releases 200
[debug] [2024-03-19T07:36:23.648Z] <<< [apiv2][body] POST https://firebasehosting.googleapis.com/v1beta1/projects/-/sites/todo-list-app-ec64b/channels/live/releases {"name":"projects/382951506379/sites/todo-list-app-ec64b/channels/live/releases/1710833783243000","version":{"name":"projects/382951506379/sites/todo-list-app-ec64b/versions/89b75cc394552026","status":"FINALIZED","config":{"rewrites":[{"glob":"**","path":"/index.html"}]},"labels":{"deployment-tool":"cli-firebase"},"createTime":"2024-03-19T07:35:59.931730Z","createUser":{"email":"ttw147@gmail.com","imageUrl":"https://lh3.googleusercontent.com/a/ACg8ocIKKpdmZae_X1v3g10GllDWTC9z0VJuxq2R9wkRdD-r=mo"},"finalizeTime":"2024-03-19T07:36:23.377339Z","finalizeUser":{"email":"ttw147@gmail.com","imageUrl":"https://lh3.googleusercontent.com/a/ACg8ocIKKpdmZae_X1v3g10GllDWTC9z0VJuxq2R9wkRdD-r=mo"}},"type":"DEPLOY","releaseTime":"2024-03-19T07:36:23.243Z","releaseUser":{"email":"ttw147@gmail.com","imageUrl":"https://lh3.googleusercontent.com/a/ACg8ocIKKpdmZae_X1v3g10GllDWTC9z0VJuxq2R9wkRdD-r=mo"}}
[debug] [2024-03-19T07:36:23.648Z] [hosting] release: {"name":"projects/382951506379/sites/todo-list-app-ec64b/channels/live/releases/1710833783243000","version":{"name":"projects/382951506379/sites/todo-list-app-ec64b/versions/89b75cc394552026","status":"FINALIZED","config":{"rewrites":[{"glob":"**","path":"/index.html"}]},"labels":{"deployment-tool":"cli-firebase"},"createTime":"2024-03-19T07:35:59.931730Z","createUser":{"email":"ttw147@gmail.com","imageUrl":"https://lh3.googleusercontent.com/a/ACg8ocIKKpdmZae_X1v3g10GllDWTC9z0VJuxq2R9wkRdD-r=mo"},"finalizeTime":"2024-03-19T07:36:23.377339Z","finalizeUser":{"email":"ttw147@gmail.com","imageUrl":"https://lh3.googleusercontent.com/a/ACg8ocIKKpdmZae_X1v3g10GllDWTC9z0VJuxq2R9wkRdD-r=mo"}},"type":"DEPLOY","releaseTime":"2024-03-19T07:36:23.243Z","releaseUser":{"email":"ttw147@gmail.com","imageUrl":"https://lh3.googleusercontent.com/a/ACg8ocIKKpdmZae_X1v3g10GllDWTC9z0VJuxq2R9wkRdD-r=mo"}}
[info] +  hosting[todo-list-app-ec64b]: release complete 
[info] 
[info] +  Deploy complete! 
[info] 
[info] Project Console: https://console.firebase.google.com/project/todo-list-app-ec64b/overview
[info] Hosting URL: https://todo-list-app-ec64b.web.app
